/home/yhruan/miniconda3/envs/biomedclip/lib/python3.10/site-packages/transformers/utils/generic.py:441: FutureWarning: `torch.utils._pytree._register_pytree_node` is deprecated. Please use `torch.utils._pytree.register_pytree_node` instead.
  _torch_pytree._register_pytree_node(
/home/yhruan/miniconda3/envs/biomedclip/lib/python3.10/site-packages/transformers/utils/generic.py:309: FutureWarning: `torch.utils._pytree._register_pytree_node` is deprecated. Please use `torch.utils._pytree.register_pytree_node` instead.
  _torch_pytree._register_pytree_node(
/home/yhruan/miniconda3/envs/biomedclip/lib/python3.10/site-packages/transformers/utils/generic.py:309: FutureWarning: `torch.utils._pytree._register_pytree_node` is deprecated. Please use `torch.utils._pytree.register_pytree_node` instead.
  _torch_pytree._register_pytree_node(
/home/yhruan/miniconda3/envs/biomedclip/lib/python3.10/site-packages/timm/models/helpers.py:7: FutureWarning: Importing from timm.models.helpers is deprecated, please import via timm.models
  warnings.warn(f"Importing from {__name__} is deprecated, please import via timm.models", FutureWarning)
/home/yhruan/miniconda3/envs/biomedclip/lib/python3.10/site-packages/timm/models/features.py:4: FutureWarning: Importing from timm.models.features is deprecated, please import via timm.models
  warnings.warn(f"Importing from {__name__} is deprecated, please import via timm.models", FutureWarning)
/home/yhruan/miniconda3/envs/biomedclip/lib/python3.10/site-packages/timm/models/hub.py:4: FutureWarning: Importing from timm.models.hub is deprecated, please import via timm.models
  warnings.warn(f"Importing from {__name__} is deprecated, please import via timm.models", FutureWarning)
WARNING - root - Changed type of config entry "max_steps" from int to NoneType
WARNING - METER - No observers have been added to this run
INFO - METER - Running command 'main'
INFO - METER - Started
Seed set to 0
/home/yhruan/.local/lib/python3.10/site-packages/huggingface_hub/file_download.py:942: FutureWarning: `resume_download` is deprecated and will be removed in version 1.0.0. Downloads always resume when possible. If you want to force a new download, use `force_download=True`.
  warnings.warn(
/home/yhruan/miniconda3/envs/biomedclip/lib/python3.10/site-packages/timm/models/layers/__init__.py:49: FutureWarning: Importing from timm.models.layers is deprecated, please import via timm.layers
  warnings.warn(f"Importing from {__name__} is deprecated, please import via timm.layers", FutureWarning)
INFO - root - Loaded hf-hub:microsoft/BiomedCLIP-PubMedBERT_256-vit_base_patch16_224 model config.
INFO - root - Loading pretrained hf-hub:microsoft/BiomedCLIP-PubMedBERT_256-vit_base_patch16_224 weights (/home/yhruan/.cache/huggingface/hub/models--microsoft--BiomedCLIP-PubMedBERT_256-vit_base_patch16_224/snapshots/9f341de24bfb00180f1b847274256e9b65a3a32e/open_clip_pytorch_model.bin).
/home/yhruan/miniconda3/envs/biomedclip/lib/python3.10/site-packages/pytorch_lightning/trainer/connectors/accelerator_connector.py:579: You passed `deterministic=True` and `benchmark=True`. Note that PyTorch ignores torch.backends.cudnn.deterministic=True when torch.backends.cudnn.benchmark=True.
/home/yhruan/miniconda3/envs/biomedclip/lib/python3.10/site-packages/lightning_fabric/plugins/environments/slurm.py:204: The `srun` command is available on your system but is not used. HINT: If your intention is to run Lightning on SLURM, prepend your python command with `srun` like so: srun python run_vqa_rad.py with task_finetune_vqa_rad_biomedclip ...
GPU available: True (cuda), used: True
TPU available: False, using: 0 TPU cores
💡 Tip: For seamless cloud logging and experiment tracking, try installing [litlogger](https://pypi.org/project/litlogger/) to enable LitLogger, which logs metrics and artifacts automatically to the Lightning Experiments platform.
`Trainer(val_check_interval=1.0)` was configured so validation will run at the end of the training epoch..
/home/yhruan/courses/428/biomedclip-repro/external/METER/meter/datasets/vqa_rad_dataset.py:18: FutureWarning: promote has been superseded by promote_options='default'.
  super().__init__(
LOCAL_RANK: 0 - CUDA_VISIBLE_DEVICES: [0,1]
/home/yhruan/miniconda3/envs/biomedclip/lib/python3.10/site-packages/transformers/optimization.py:411: FutureWarning: This implementation of AdamW is deprecated and will be removed in a future version. Use the PyTorch implementation torch.optim.AdamW instead, or set `no_deprecation_warning=True` to disable this warning
  warnings.warn(
/home/yhruan/miniconda3/envs/biomedclip/lib/python3.10/site-packages/pytorch_lightning/utilities/_pytree.py:21: `isinstance(treespec, LeafSpec)` is deprecated, use `isinstance(treespec, TreeSpec) and treespec.is_leaf()` instead.
/home/yhruan/miniconda3/envs/biomedclip/lib/python3.10/site-packages/transformers/modeling_utils.py:907: FutureWarning: The `device` argument is deprecated and will be removed in v5 of Transformers.
  warnings.warn(
/home/yhruan/miniconda3/envs/biomedclip/lib/python3.10/site-packages/pytorch_lightning/utilities/data.py:79: Trying to infer the `batch_size` from an ambiguous collection. The batch size we found is 32. To avoid any miscalculations, use `self.log(..., batch_size=batch_size)`.
/home/yhruan/miniconda3/envs/biomedclip/lib/python3.10/site-packages/pytorch_lightning/loops/fit_loop.py:534: Found 228 module(s) in eval mode at the start of training. This may lead to unexpected behavior during training. If this is intentional, you can ignore this warning.
/home/yhruan/miniconda3/envs/biomedclip/lib/python3.10/site-packages/pytorch_lightning/utilities/data.py:79: Trying to infer the `batch_size` from an ambiguous collection. The batch size we found is 20. To avoid any miscalculations, use `self.log(..., batch_size=batch_size)`.
Epoch 0, global step 55: 'val/the_metric' reached 0.26606 (best 0.26606), saving model to 'result/finetune_vqa_rad_seed0/version_17/checkpoints/epoch=0-step=55.ckpt' as top 1
ERROR - METER - Failed after 0:01:16!
Traceback (most recent calls WITHOUT Sacred internals):
  File "/home/yhruan/courses/428/biomedclip-repro/external/METER/run_vqa_rad.py", line 94, in main
    trainer.fit(model, datamodule=dm)
  File "/home/yhruan/miniconda3/envs/biomedclip/lib/python3.10/site-packages/pytorch_lightning/trainer/trainer.py", line 584, in fit
    call._call_and_handle_interrupt(
  File "/home/yhruan/miniconda3/envs/biomedclip/lib/python3.10/site-packages/pytorch_lightning/trainer/call.py", line 49, in _call_and_handle_interrupt
    return trainer_fn(*args, **kwargs)
  File "/home/yhruan/miniconda3/envs/biomedclip/lib/python3.10/site-packages/pytorch_lightning/trainer/trainer.py", line 630, in _fit_impl
    self._run(model, ckpt_path=ckpt_path, weights_only=weights_only)
  File "/home/yhruan/miniconda3/envs/biomedclip/lib/python3.10/site-packages/pytorch_lightning/trainer/trainer.py", line 1079, in _run
    results = self._run_stage()
  File "/home/yhruan/miniconda3/envs/biomedclip/lib/python3.10/site-packages/pytorch_lightning/trainer/trainer.py", line 1123, in _run_stage
    self.fit_loop.run()
  File "/home/yhruan/miniconda3/envs/biomedclip/lib/python3.10/site-packages/pytorch_lightning/loops/fit_loop.py", line 218, in run
    self.on_advance_end()
  File "/home/yhruan/miniconda3/envs/biomedclip/lib/python3.10/site-packages/pytorch_lightning/loops/fit_loop.py", line 480, in on_advance_end
    call._call_callback_hooks(trainer, "on_train_epoch_end", monitoring_callbacks=True)
  File "/home/yhruan/miniconda3/envs/biomedclip/lib/python3.10/site-packages/pytorch_lightning/trainer/call.py", line 228, in _call_callback_hooks
    fn(trainer, trainer.lightning_module, *args, **kwargs)
  File "/home/yhruan/miniconda3/envs/biomedclip/lib/python3.10/site-packages/pytorch_lightning/callbacks/model_checkpoint.py", line 498, in on_train_epoch_end
    self._save_last_checkpoint(trainer, monitor_candidates)
  File "/home/yhruan/miniconda3/envs/biomedclip/lib/python3.10/site-packages/pytorch_lightning/callbacks/model_checkpoint.py", line 923, in _save_last_checkpoint
    self._save_checkpoint(trainer, filepath)
  File "/home/yhruan/miniconda3/envs/biomedclip/lib/python3.10/site-packages/pytorch_lightning/callbacks/model_checkpoint.py", line 600, in _save_checkpoint
    trainer.save_checkpoint(filepath, self.save_weights_only)
  File "/home/yhruan/miniconda3/envs/biomedclip/lib/python3.10/site-packages/pytorch_lightning/trainer/trainer.py", line 1464, in save_checkpoint
    self.strategy.save_checkpoint(checkpoint, filepath, storage_options=storage_options)
  File "/home/yhruan/miniconda3/envs/biomedclip/lib/python3.10/site-packages/pytorch_lightning/strategies/strategy.py", line 491, in save_checkpoint
    self.checkpoint_io.save_checkpoint(checkpoint, filepath, storage_options=storage_options)
  File "/home/yhruan/miniconda3/envs/biomedclip/lib/python3.10/site-packages/lightning_fabric/plugins/io/torch_io.py", line 58, in save_checkpoint
    _atomic_save(checkpoint, path)
  File "/home/yhruan/miniconda3/envs/biomedclip/lib/python3.10/site-packages/lightning_fabric/utilities/cloud_io.py", line 104, in _atomic_save
    f.write(bytesbuffer.getvalue())
  File "/home/yhruan/.local/lib/python3.10/site-packages/fsspec/implementations/local.py", line 422, in write
    return self.f.write(*args, **kwargs)
OSError: [Errno 28] No space left on device


ERROR conda.cli.main_run:execute(125): `conda run python run_vqa_rad.py with task_finetune_vqa_rad_biomedclip data_root=/home/yhruan/courses/428/biomedclip-repro/data/vqa_rad/arrow learning_rate=1e-05 lr_mult_head=100 lr_mult_cross_modal=5 max_epoch=10 per_gpu_batchsize=32 num_workers=4` failed. (See above for error)
┏━━━━┳━━━━━━━━━━━━━━━━━━━━━━━━━━━━━┳━━━━━━━━━━━━━━━━━━┳━━━━━━━━┳━━━━━━━┳━━━━━━━┓
┃    ┃ Name                        ┃ Type             ┃ Params ┃ Mode  ┃ FLOPs ┃
┡━━━━╇━━━━━━━━━━━━━━━━━━━━━━━━━━━━━╇━━━━━━━━━━━━━━━━━━╇━━━━━━━━╇━━━━━━━╇━━━━━━━┩
│ 0  │ cross_modal_text_transform  │ Linear           │  590 K │ train │     0 │
│ 1  │ cross_modal_image_transform │ Linear           │  590 K │ train │     0 │
│ 2  │ token_type_embeddings       │ Embedding        │  1.5 K │ train │     0 │
│ 3  │ vit_model                   │ BiomedCLIPVisua… │ 85.8 M │ train │     0 │
│ 4  │ text_transformer            │ BertModel        │  109 M │ eval  │     0 │
│ 5  │ cross_modal_image_layers    │ ModuleList       │ 56.7 M │ train │     0 │
│ 6  │ cross_modal_text_layers     │ ModuleList       │ 56.7 M │ train │     0 │
│ 7  │ cross_modal_image_pooler    │ Pooler           │  590 K │ train │     0 │
│ 8  │ cross_modal_text_pooler     │ Pooler           │  590 K │ train │     0 │
│ 9  │ vqa_classifier              │ Sequential       │  3.0 M │ train │     0 │
│ 10 │ train_vqa_score             │ VQAScore         │      0 │ train │     0 │
│ 11 │ train_vqa_loss              │ Scalar           │      0 │ train │     0 │
│ 12 │ val_vqa_score               │ VQAScore         │      0 │ train │     0 │
│ 13 │ val_vqa_loss                │ Scalar           │      0 │ train │     0 │
└────┴─────────────────────────────┴──────────────────┴────────┴───────┴───────┘
Trainable params: 314 M                                                         
Non-trainable params: 0                                                         
Total params: 314 M                                                             
Total estimated model params size (MB): 1.3 K                                   
Modules in train mode: 633                                                      
Modules in eval mode: 228                                                       
Total FLOPs: 0                                                                  
Epoch 0/9  ━━━━━━━━━━━━━━━━━━━━━━ 55/55 0:00:43 • 0:00:00 1.30it/s v_num: 17.000

