Grid search: 12 combinations × 10 epochs each

============================================================
[run] lr1e-06_head10_xmod5  (02:55:20)
============================================================

============================================================
[run] lr1e-06_head50_xmod5  (03:04:41)
============================================================

============================================================
[run] lr1e-06_head100_xmod5  (03:14:25)
============================================================

============================================================
[run] lr2e-06_head10_xmod5  (03:24:24)
============================================================

============================================================
[run] lr2e-06_head50_xmod5  (03:33:24)
============================================================

============================================================
[run] lr2e-06_head100_xmod5  (03:43:10)
============================================================

============================================================
[run] lr5e-06_head10_xmod5  (03:52:14)
============================================================

============================================================
[run] lr5e-06_head50_xmod5  (04:01:47)
============================================================

============================================================
[run] lr5e-06_head100_xmod5  (04:11:13)
============================================================
[skip] lr1e-05_head10_xmod5 — result already exists
[skip] lr1e-05_head50_xmod5 — result already exists

============================================================
[run] lr1e-05_head100_xmod5  (04:20:49)
============================================================

======================================================================
Tag                                  Overall   Closed     Open       F1
----------------------------------------------------------------------
lr5e-06_head100_xmod5                 33.03%   50.57%    6.36%   33.18%
lr1e-05_head100_xmod5                 33.03%   50.57%    6.36%   33.18%
lr5e-06_head50_xmod5                  30.96%   47.15%    6.36%   31.12%
lr1e-05_head50_xmod5                  30.73%   45.63%    8.09%   31.52%
lr2e-06_head100_xmod5                 30.05%   49.81%    0.00%   30.05%
lr1e-06_head50_xmod5                  29.36%   48.67%    0.00%   29.36%
lr5e-06_head10_xmod5                  29.36%   48.67%    0.00%   29.36%
lr2e-06_head10_xmod5                  29.13%   48.29%    0.00%   29.13%
lr1e-06_head10_xmod5                  28.90%   47.91%    0.00%   28.90%
lr1e-05_head10_xmod5                  28.90%   46.39%    2.31%   28.90%
lr2e-06_head50_xmod5                  27.98%   46.39%    0.00%   27.98%
lr1e-06_head100_xmod5                 27.52%   45.63%    0.00%   27.52%

Saved summary to /home/yhruan/courses/428/biomedclip-repro/logs/grid_search_vqa_rad/summary.json

Best: lr5e-06_head100_xmod5
  Overall: 33.03%  Closed: 50.57%  Open: 6.36%  F1: 33.18%

