(biomedclip) ➜  src python eval_vqa_rad.py --data_dir ../data/vqa_rad
/home/yhruan/miniconda3/envs/biomedclip/lib/python3.10/site-packages/transformers/utils/generic.py:441: FutureWarning: `torch.utils._pytree._register_pytree_node` is deprecated. Please use `torch.utils._pytree.register_pytree_node` instead.
  _torch_pytree._register_pytree_node(
/home/yhruan/miniconda3/envs/biomedclip/lib/python3.10/site-packages/transformers/utils/generic.py:309: FutureWarning: `torch.utils._pytree._register_pytree_node` is deprecated. Please use `torch.utils._pytree.register_pytree_node` instead.
  _torch_pytree._register_pytree_node(
/home/yhruan/miniconda3/envs/biomedclip/lib/python3.10/site-packages/timm/models/layers/__init__.py:49: FutureWarning: Importing from timm.models.layers is deprecated, please import via timm.layers
  warnings.warn(f"Importing from {__name__} is deprecated, please import via timm.layers", FutureWarning)
/home/yhruan/.local/lib/python3.10/site-packages/huggingface_hub/file_download.py:942: FutureWarning: `resume_download` is deprecated and will be removed in version 1.0.0. Downloads always resume when possible. If you want to force a new download, use `force_download=True`.
  warnings.warn(
/home/yhruan/miniconda3/envs/biomedclip/lib/python3.10/site-packages/transformers/utils/generic.py:309: FutureWarning: `torch.utils._pytree._register_pytree_node` is deprecated. Please use `torch.utils._pytree.register_pytree_node` instead.
  _torch_pytree._register_pytree_node(
/home/yhruan/.local/lib/python3.10/site-packages/huggingface_hub/file_download.py:942: FutureWarning: `resume_download` is deprecated and will be removed in version 1.0.0. Downloads always resume when possible. If you want to force a new download, use `force_download=True`.
  warnings.warn(
Train: 1738  Test: 436
Answer vocabulary: 216 classes (answers with ≥2 train examples)
METER head parameters: 29,698,008

Training METER head for 50 epochs...
  epoch 10/50  loss=0.0742  train_acc=0.9817                                                                                  
  epoch 20/50  loss=0.0038  train_acc=1.0000                                                                                  
  epoch 30/50  loss=0.0015  train_acc=1.0000                                                                                  
  epoch 40/50  loss=0.0011  train_acc=1.0000                                                                                  
  epoch 50/50  loss=0.0010  train_acc=1.0000                                                                                  
tokenizer_config.json: 100%|████████████████████████████████████████████████████████████████| 26.0/26.0 [00:00<00:00, 155kB/s]
vocab.json: 1.04MB [00:00, 8.32MB/s]
merges.txt: 456kB [00:00, 4.74MB/s]
tokenizer.json: 1.36MB [00:00, 6.31MB/s]
config.json: 100%|███████████████████████████████████████████████████████████████████████████| 665/665 [00:00<00:00, 4.57MB/s]

=== VQA-RAD ===
Overall accuracy:        59.24%  (paper: 72.70%)
Closed-ended accuracy:   61.96%  (paper: 76.50%)
Open-ended accuracy:     47.46%  (paper: 67.00%)
Token-level F1:          60.29%  (paper: 73.13%)